1675740229124	geckodriver	INFO	Listening on 127.0.0.1:51278
1675740229190	mozrunner::runner	INFO	Running command: "/usr/bin/firefox" "--marionette" "--remote-debugging-port" "51279" "--remote-allow-hosts" "localhost" "-no-remote" "-profile" "/tmp/rust_mozprofilefZtLRB"
Error: no DISPLAY environment variable specified
1675740339253	geckodriver	INFO	Listening on 127.0.0.1:51428
1675740339308	mozrunner::runner	INFO	Running command: "/usr/bin/firefox" "--marionette" "--headless" "--remote-debugging-port" "51429" "--remote-allow-hosts" "localhost" "-no-remote" "-profile" "/tmp/rust_mozprofileLzUvVE"
*** You are running in headless mode.
[GFX1-]: glxtest: cannot access /sys/bus/pci
[GFX1-]: glxtest: Unable to open a connection to the X server
[GFX1-]: No GPUs detected via PCI
1675740340241	Marionette	INFO	Marionette enabled
1675740340246	Marionette	INFO	Listening on port 51433
Read port: 51433
WebDriver BiDi listening on ws://127.0.0.1:51429
1675740340437	RemoteAgent	WARN	TLS certificate errors will be ignored for this session
Exiting due to channel error.
[GFX1-]: RenderCompositorSWGL failed mapping default framebuffer, no dt
console.warn: SearchSettings: "get: No settings file exists, new profile?" (new NotFoundError("Could not open the file at /tmp/rust_mozprofileLzUvVE/search.json.mozlz4", (void 0)))
DevTools listening on ws://127.0.0.1:51429/devtools/browser/715e65e8-274e-4b86-be9e-fd65a94c69e4
JavaScript warning: https://assets.adobedtm.com/223f6e2cf7c9/3eb6c9b72a93/launch-7bc0cdc67098.min.js, line 10: WebGL warning: <Create>: WebglAllowWindowsNativeGl:false restricts context creation on this system.
JavaScript warning: https://assets.adobedtm.com/223f6e2cf7c9/3eb6c9b72a93/launch-7bc0cdc67098.min.js, line 10: Failed to create WebGL context: WebGL creation failed: 
* WebglAllowWindowsNativeGl:false restricts context creation on this system. ()
* Exhausted GL driver options. (FEATURE_FAILURE_WEBGL_EXHAUSTED_DRIVERS)
JavaScript warning: https://assets.adobedtm.com/223f6e2cf7c9/3eb6c9b72a93/launch-7bc0cdc67098.min.js, line 10: WebGL warning: <Create>: WebglAllowWindowsNativeGl:false restricts context creation on this system.
JavaScript warning: https://assets.adobedtm.com/223f6e2cf7c9/3eb6c9b72a93/launch-7bc0cdc67098.min.js, line 10: Failed to create WebGL context: WebGL creation failed: 
* WebglAllowWindowsNativeGl:false restricts context creation on this system. ()
* Exhausted GL driver options. (FEATURE_FAILURE_WEBGL_EXHAUSTED_DRIVERS)
1675740489543	geckodriver	INFO	Listening on 127.0.0.1:51870
1675740489574	mozrunner::runner	INFO	Running command: "/usr/bin/firefox" "--marionette" "--headless" "--remote-debugging-port" "51871" "--remote-allow-hosts" "localhost" "-no-remote" "-profile" "/tmp/rust_mozprofileGn8aWq"
*** You are running in headless mode.
[GFX1-]: glxtest: cannot access /sys/bus/pci
[GFX1-]: glxtest: Unable to open a connection to the X server
[GFX1-]: No GPUs detected via PCI
1675740490020	Marionette	INFO	Marionette enabled
1675740490024	Marionette	INFO	Listening on port 51874
Read port: 51874
WebDriver BiDi listening on ws://127.0.0.1:51871
1675740490166	RemoteAgent	WARN	TLS certificate errors will be ignored for this session
[GFX1-]: RenderCompositorSWGL failed mapping default framebuffer, no dt
Exiting due to channel error.
console.warn: SearchSettings: "get: No settings file exists, new profile?" (new NotFoundError("Could not open the file at /tmp/rust_mozprofileGn8aWq/search.json.mozlz4", (void 0)))
DevTools listening on ws://127.0.0.1:51871/devtools/browser/b2325fb7-fd19-45c0-a97d-63843a20879d
JavaScript warning: https://assets.adobedtm.com/223f6e2cf7c9/3eb6c9b72a93/launch-7bc0cdc67098.min.js, line 10: WebGL warning: <Create>: WebglAllowWindowsNativeGl:false restricts context creation on this system.
JavaScript warning: https://assets.adobedtm.com/223f6e2cf7c9/3eb6c9b72a93/launch-7bc0cdc67098.min.js, line 10: Failed to create WebGL context: WebGL creation failed: 
* WebglAllowWindowsNativeGl:false restricts context creation on this system. ()
* Exhausted GL driver options. (FEATURE_FAILURE_WEBGL_EXHAUSTED_DRIVERS)
JavaScript warning: https://assets.adobedtm.com/223f6e2cf7c9/3eb6c9b72a93/launch-7bc0cdc67098.min.js, line 10: WebGL warning: <Create>: WebglAllowWindowsNativeGl:false restricts context creation on this system.
JavaScript warning: https://assets.adobedtm.com/223f6e2cf7c9/3eb6c9b72a93/launch-7bc0cdc67098.min.js, line 10: Failed to create WebGL context: WebGL creation failed: 
* WebglAllowWindowsNativeGl:false restricts context creation on this system. ()
* Exhausted GL driver options. (FEATURE_FAILURE_WEBGL_EXHAUSTED_DRIVERS)
1675740531772	geckodriver	INFO	Listening on 127.0.0.1:52070
1675740531825	mozrunner::runner	INFO	Running command: "/usr/bin/firefox" "--marionette" "--headless" "--remote-debugging-port" "52071" "--remote-allow-hosts" "localhost" "-no-remote" "-profile" "/tmp/rust_mozprofileBtPGa8"
*** You are running in headless mode.
[GFX1-]: glxtest: cannot access /sys/bus/pci
[GFX1-]: glxtest: Unable to open a connection to the X server
[GFX1-]: No GPUs detected via PCI
1675740532263	Marionette	INFO	Marionette enabled
1675740532267	Marionette	INFO	Listening on port 52074
Read port: 52074
WebDriver BiDi listening on ws://127.0.0.1:52071
1675740532411	RemoteAgent	WARN	TLS certificate errors will be ignored for this session
[GFX1-]: RenderCompositorSWGL failed mapping default framebuffer, no dt
Exiting due to channel error.
console.warn: SearchSettings: "get: No settings file exists, new profile?" (new NotFoundError("Could not open the file at /tmp/rust_mozprofileBtPGa8/search.json.mozlz4", (void 0)))
DevTools listening on ws://127.0.0.1:52071/devtools/browser/eed1bbcd-5918-4b16-8a0c-8680b0763e77
JavaScript warning: https://assets.adobedtm.com/223f6e2cf7c9/3eb6c9b72a93/launch-7bc0cdc67098.min.js, line 10: WebGL warning: <Create>: WebglAllowWindowsNativeGl:false restricts context creation on this system.
JavaScript warning: https://assets.adobedtm.com/223f6e2cf7c9/3eb6c9b72a93/launch-7bc0cdc67098.min.js, line 10: Failed to create WebGL context: WebGL creation failed: 
* WebglAllowWindowsNativeGl:false restricts context creation on this system. ()
* Exhausted GL driver options. (FEATURE_FAILURE_WEBGL_EXHAUSTED_DRIVERS)
JavaScript warning: https://assets.adobedtm.com/223f6e2cf7c9/3eb6c9b72a93/launch-7bc0cdc67098.min.js, line 10: WebGL warning: <Create>: WebglAllowWindowsNativeGl:false restricts context creation on this system.
JavaScript warning: https://assets.adobedtm.com/223f6e2cf7c9/3eb6c9b72a93/launch-7bc0cdc67098.min.js, line 10: Failed to create WebGL context: WebGL creation failed: 
* WebglAllowWindowsNativeGl:false restricts context creation on this system. ()
* Exhausted GL driver options. (FEATURE_FAILURE_WEBGL_EXHAUSTED_DRIVERS)
1675740580825	geckodriver	INFO	Listening on 127.0.0.1:52194
1675740580859	mozrunner::runner	INFO	Running command: "/usr/bin/firefox" "--marionette" "--headless" "--remote-debugging-port" "52195" "--remote-allow-hosts" "localhost" "-no-remote" "-profile" "/tmp/rust_mozprofiley91zYw"
*** You are running in headless mode.
[GFX1-]: glxtest: cannot access /sys/bus/pci
[GFX1-]: glxtest: Unable to open a connection to the X server
[GFX1-]: No GPUs detected via PCI
1675740581304	Marionette	INFO	Marionette enabled
1675740581309	Marionette	INFO	Listening on port 52198
Read port: 52198
WebDriver BiDi listening on ws://127.0.0.1:52195
1675740581453	RemoteAgent	WARN	TLS certificate errors will be ignored for this session
[GFX1-]: RenderCompositorSWGL failed mapping default framebuffer, no dt
Exiting due to channel error.
console.warn: SearchSettings: "get: No settings file exists, new profile?" (new NotFoundError("Could not open the file at /tmp/rust_mozprofiley91zYw/search.json.mozlz4", (void 0)))
DevTools listening on ws://127.0.0.1:52195/devtools/browser/b409fd0d-21c6-435b-b9d5-0c8dffb4298e
JavaScript warning: https://assets.adobedtm.com/223f6e2cf7c9/3eb6c9b72a93/launch-7bc0cdc67098.min.js, line 10: WebGL warning: <Create>: WebglAllowWindowsNativeGl:false restricts context creation on this system.
JavaScript warning: https://assets.adobedtm.com/223f6e2cf7c9/3eb6c9b72a93/launch-7bc0cdc67098.min.js, line 10: Failed to create WebGL context: WebGL creation failed: 
* WebglAllowWindowsNativeGl:false restricts context creation on this system. ()
* Exhausted GL driver options. (FEATURE_FAILURE_WEBGL_EXHAUSTED_DRIVERS)
JavaScript warning: https://assets.adobedtm.com/223f6e2cf7c9/3eb6c9b72a93/launch-7bc0cdc67098.min.js, line 10: WebGL warning: <Create>: WebglAllowWindowsNativeGl:false restricts context creation on this system.
JavaScript warning: https://assets.adobedtm.com/223f6e2cf7c9/3eb6c9b72a93/launch-7bc0cdc67098.min.js, line 10: Failed to create WebGL context: WebGL creation failed: 
* WebglAllowWindowsNativeGl:false restricts context creation on this system. ()
* Exhausted GL driver options. (FEATURE_FAILURE_WEBGL_EXHAUSTED_DRIVERS)
1675740610476	geckodriver	INFO	Listening on 127.0.0.1:52386
1675740610510	mozrunner::runner	INFO	Running command: "/usr/bin/firefox" "--marionette" "--headless" "--remote-debugging-port" "52387" "--remote-allow-hosts" "localhost" "-no-remote" "-profile" "/tmp/rust_mozprofileIRsYn5"
*** You are running in headless mode.
[GFX1-]: glxtest: cannot access /sys/bus/pci
[GFX1-]: glxtest: Unable to open a connection to the X server
[GFX1-]: No GPUs detected via PCI
1675740611004	Marionette	INFO	Marionette enabled
1675740611009	Marionette	INFO	Listening on port 52390
Read port: 52390
WebDriver BiDi listening on ws://127.0.0.1:52387
1675740611137	RemoteAgent	WARN	TLS certificate errors will be ignored for this session
[GFX1-]: RenderCompositorSWGL failed mapping default framebuffer, no dt
Exiting due to channel error.
console.warn: SearchSettings: "get: No settings file exists, new profile?" (new NotFoundError("Could not open the file at /tmp/rust_mozprofileIRsYn5/search.json.mozlz4", (void 0)))
DevTools listening on ws://127.0.0.1:52387/devtools/browser/71d6e371-793c-4129-ae86-dbe1a3692031
JavaScript warning: https://assets.adobedtm.com/223f6e2cf7c9/3eb6c9b72a93/launch-7bc0cdc67098.min.js, line 10: WebGL warning: <Create>: WebglAllowWindowsNativeGl:false restricts context creation on this system.
JavaScript warning: https://assets.adobedtm.com/223f6e2cf7c9/3eb6c9b72a93/launch-7bc0cdc67098.min.js, line 10: Failed to create WebGL context: WebGL creation failed: 
* WebglAllowWindowsNativeGl:false restricts context creation on this system. ()
* Exhausted GL driver options. (FEATURE_FAILURE_WEBGL_EXHAUSTED_DRIVERS)
JavaScript warning: https://assets.adobedtm.com/223f6e2cf7c9/3eb6c9b72a93/launch-7bc0cdc67098.min.js, line 10: WebGL warning: <Create>: WebglAllowWindowsNativeGl:false restricts context creation on this system.
JavaScript warning: https://assets.adobedtm.com/223f6e2cf7c9/3eb6c9b72a93/launch-7bc0cdc67098.min.js, line 10: Failed to create WebGL context: WebGL creation failed: 
* WebglAllowWindowsNativeGl:false restricts context creation on this system. ()
* Exhausted GL driver options. (FEATURE_FAILURE_WEBGL_EXHAUSTED_DRIVERS)
1675740652835	geckodriver	INFO	Listening on 127.0.0.1:52732
1675740652883	mozrunner::runner	INFO	Running command: "/usr/bin/firefox" "--marionette" "--headless" "--remote-debugging-port" "52733" "--remote-allow-hosts" "localhost" "-no-remote" "-profile" "/tmp/rust_mozprofilevOKPrH"
*** You are running in headless mode.
[GFX1-]: glxtest: cannot access /sys/bus/pci
[GFX1-]: glxtest: Unable to open a connection to the X server
[GFX1-]: No GPUs detected via PCI
1675740653348	Marionette	INFO	Marionette enabled
1675740653352	Marionette	INFO	Listening on port 52736
Read port: 52736
WebDriver BiDi listening on ws://127.0.0.1:52733
1675740653469	RemoteAgent	WARN	TLS certificate errors will be ignored for this session
[GFX1-]: RenderCompositorSWGL failed mapping default framebuffer, no dt
Exiting due to channel error.
console.warn: SearchSettings: "get: No settings file exists, new profile?" (new NotFoundError("Could not open the file at /tmp/rust_mozprofilevOKPrH/search.json.mozlz4", (void 0)))
Exiting due to channel error.
A content process crashed and MOZ_CRASHREPORTER_SHUTDOWN is set, shutting down
1675740654364	Marionette	INFO	Stopped listening on port 52736
1675740654370	CDP	WARN	Failed to remove undefined (Could not parse path (undefined): NS_ERROR_FILE_UNRECOGNIZED_PATH)
console.warn: SearchService: "#init: abandoning init due to shutting down"
JavaScript error: , line 0: uncaught exception: 2147500036
JavaScript error: , line 0: uncaught exception: 2147500036
JavaScript error: , line 0: uncaught exception: 2147500036
JavaScript error: , line 0: uncaught exception: 2147500036
JavaScript error: , line 0: uncaught exception: 2147500036
JavaScript error: , line 0: uncaught exception: 2147500036
1675740691883	geckodriver	INFO	Listening on 127.0.0.1:52808
1675740691914	mozrunner::runner	INFO	Running command: "/usr/bin/firefox" "--marionette" "--headless" "--remote-debugging-port" "52809" "--remote-allow-hosts" "localhost" "-no-remote" "-profile" "/tmp/rust_mozprofileWGiASv"
*** You are running in headless mode.
[GFX1-]: glxtest: cannot access /sys/bus/pci
[GFX1-]: glxtest: Unable to open a connection to the X server
[GFX1-]: No GPUs detected via PCI
1675740692395	Marionette	INFO	Marionette enabled
1675740692399	Marionette	INFO	Listening on port 52813
Read port: 52813
WebDriver BiDi listening on ws://127.0.0.1:52809
1675740692515	RemoteAgent	WARN	TLS certificate errors will be ignored for this session
[GFX1-]: RenderCompositorSWGL failed mapping default framebuffer, no dt
Exiting due to channel error.
console.warn: SearchSettings: "get: No settings file exists, new profile?" (new NotFoundError("Could not open the file at /tmp/rust_mozprofileWGiASv/search.json.mozlz4", (void 0)))
DevTools listening on ws://127.0.0.1:52809/devtools/browser/1f71e1bf-2440-4750-acb4-65d9f4a83f80
JavaScript warning: https://assets.adobedtm.com/223f6e2cf7c9/3eb6c9b72a93/launch-7bc0cdc67098.min.js, line 10: WebGL warning: <Create>: WebglAllowWindowsNativeGl:false restricts context creation on this system.
JavaScript warning: https://assets.adobedtm.com/223f6e2cf7c9/3eb6c9b72a93/launch-7bc0cdc67098.min.js, line 10: Failed to create WebGL context: WebGL creation failed: 
* WebglAllowWindowsNativeGl:false restricts context creation on this system. ()
* Exhausted GL driver options. (FEATURE_FAILURE_WEBGL_EXHAUSTED_DRIVERS)
JavaScript warning: https://assets.adobedtm.com/223f6e2cf7c9/3eb6c9b72a93/launch-7bc0cdc67098.min.js, line 10: WebGL warning: <Create>: WebglAllowWindowsNativeGl:false restricts context creation on this system.
JavaScript warning: https://assets.adobedtm.com/223f6e2cf7c9/3eb6c9b72a93/launch-7bc0cdc67098.min.js, line 10: Failed to create WebGL context: WebGL creation failed: 
* WebglAllowWindowsNativeGl:false restricts context creation on this system. ()
* Exhausted GL driver options. (FEATURE_FAILURE_WEBGL_EXHAUSTED_DRIVERS)
1675740715619	geckodriver	INFO	Listening on 127.0.0.1:52904
1675740715652	mozrunner::runner	INFO	Running command: "/usr/bin/firefox" "--marionette" "--headless" "--remote-debugging-port" "52905" "--remote-allow-hosts" "localhost" "-no-remote" "-profile" "/tmp/rust_mozprofileF0QLIe"
*** You are running in headless mode.
[GFX1-]: glxtest: cannot access /sys/bus/pci
[GFX1-]: glxtest: Unable to open a connection to the X server
[GFX1-]: No GPUs detected via PCI
1675740716130	Marionette	INFO	Marionette enabled
1675740716134	Marionette	INFO	Listening on port 52909
Read port: 52909
WebDriver BiDi listening on ws://127.0.0.1:52905
1675740716251	RemoteAgent	WARN	TLS certificate errors will be ignored for this session
[GFX1-]: RenderCompositorSWGL failed mapping default framebuffer, no dt
Exiting due to channel error.
console.warn: SearchSettings: "get: No settings file exists, new profile?" (new NotFoundError("Could not open the file at /tmp/rust_mozprofileF0QLIe/search.json.mozlz4", (void 0)))
DevTools listening on ws://127.0.0.1:52905/devtools/browser/7f09ff21-b05d-423e-b0df-f0c4d64d9225
JavaScript warning: https://assets.adobedtm.com/223f6e2cf7c9/3eb6c9b72a93/launch-7bc0cdc67098.min.js, line 10: WebGL warning: <Create>: WebglAllowWindowsNativeGl:false restricts context creation on this system.
JavaScript warning: https://assets.adobedtm.com/223f6e2cf7c9/3eb6c9b72a93/launch-7bc0cdc67098.min.js, line 10: Failed to create WebGL context: WebGL creation failed: 
* WebglAllowWindowsNativeGl:false restricts context creation on this system. ()
* Exhausted GL driver options. (FEATURE_FAILURE_WEBGL_EXHAUSTED_DRIVERS)
JavaScript warning: https://assets.adobedtm.com/223f6e2cf7c9/3eb6c9b72a93/launch-7bc0cdc67098.min.js, line 10: WebGL warning: <Create>: WebglAllowWindowsNativeGl:false restricts context creation on this system.
JavaScript warning: https://assets.adobedtm.com/223f6e2cf7c9/3eb6c9b72a93/launch-7bc0cdc67098.min.js, line 10: Failed to create WebGL context: WebGL creation failed: 
* WebglAllowWindowsNativeGl:false restricts context creation on this system. ()
* Exhausted GL driver options. (FEATURE_FAILURE_WEBGL_EXHAUSTED_DRIVERS)
1675741106774	geckodriver	INFO	Listening on 127.0.0.1:54438
1675741106808	mozrunner::runner	INFO	Running command: "/usr/bin/firefox" "--marionette" "--headless" "--remote-debugging-port" "54439" "--remote-allow-hosts" "localhost" "-no-remote" "-profile" "/tmp/rust_mozprofileXshIHW"
*** You are running in headless mode.
[GFX1-]: glxtest: cannot access /sys/bus/pci
[GFX1-]: glxtest: Unable to open a connection to the X server
[GFX1-]: No GPUs detected via PCI
1675741107261	Marionette	INFO	Marionette enabled
1675741107265	Marionette	INFO	Listening on port 54443
Read port: 54443
WebDriver BiDi listening on ws://127.0.0.1:54439
1675741107390	RemoteAgent	WARN	TLS certificate errors will be ignored for this session
Exiting due to channel error.
[GFX1-]: RenderCompositorSWGL failed mapping default framebuffer, no dt
console.warn: SearchSettings: "get: No settings file exists, new profile?" (new NotFoundError("Could not open the file at /tmp/rust_mozprofileXshIHW/search.json.mozlz4", (void 0)))
DevTools listening on ws://127.0.0.1:54439/devtools/browser/c4299d31-f762-4df7-a291-c284c1bc8704
JavaScript warning: https://assets.adobedtm.com/223f6e2cf7c9/3eb6c9b72a93/launch-7bc0cdc67098.min.js, line 10: WebGL warning: <Create>: WebglAllowWindowsNativeGl:false restricts context creation on this system.
JavaScript warning: https://assets.adobedtm.com/223f6e2cf7c9/3eb6c9b72a93/launch-7bc0cdc67098.min.js, line 10: Failed to create WebGL context: WebGL creation failed: 
* WebglAllowWindowsNativeGl:false restricts context creation on this system. ()
* Exhausted GL driver options. (FEATURE_FAILURE_WEBGL_EXHAUSTED_DRIVERS)
JavaScript warning: https://assets.adobedtm.com/223f6e2cf7c9/3eb6c9b72a93/launch-7bc0cdc67098.min.js, line 10: WebGL warning: <Create>: WebglAllowWindowsNativeGl:false restricts context creation on this system.
JavaScript warning: https://assets.adobedtm.com/223f6e2cf7c9/3eb6c9b72a93/launch-7bc0cdc67098.min.js, line 10: Failed to create WebGL context: WebGL creation failed: 
* WebglAllowWindowsNativeGl:false restricts context creation on this system. ()
* Exhausted GL driver options. (FEATURE_FAILURE_WEBGL_EXHAUSTED_DRIVERS)
1675741127225	geckodriver	INFO	Listening on 127.0.0.1:54575
1675741127259	mozrunner::runner	INFO	Running command: "/usr/bin/firefox" "--marionette" "--headless" "--remote-debugging-port" "54576" "--remote-allow-hosts" "localhost" "-no-remote" "-profile" "/tmp/rust_mozprofile00yAZ9"
*** You are running in headless mode.
[GFX1-]: glxtest: cannot access /sys/bus/pci
[GFX1-]: glxtest: Unable to open a connection to the X server
[GFX1-]: No GPUs detected via PCI
1675741127706	Marionette	INFO	Marionette enabled
1675741127711	Marionette	INFO	Listening on port 54583
Read port: 54583
WebDriver BiDi listening on ws://127.0.0.1:54576
1675741127849	RemoteAgent	WARN	TLS certificate errors will be ignored for this session
[GFX1-]: RenderCompositorSWGL failed mapping default framebuffer, no dt
Exiting due to channel error.
console.warn: SearchSettings: "get: No settings file exists, new profile?" (new NotFoundError("Could not open the file at /tmp/rust_mozprofile00yAZ9/search.json.mozlz4", (void 0)))
DevTools listening on ws://127.0.0.1:54576/devtools/browser/9c3bbfaa-1736-4055-b59c-3269fc5293b2
JavaScript warning: https://assets.adobedtm.com/223f6e2cf7c9/3eb6c9b72a93/launch-7bc0cdc67098.min.js, line 10: WebGL warning: <Create>: WebglAllowWindowsNativeGl:false restricts context creation on this system.
JavaScript warning: https://assets.adobedtm.com/223f6e2cf7c9/3eb6c9b72a93/launch-7bc0cdc67098.min.js, line 10: Failed to create WebGL context: WebGL creation failed: 
* WebglAllowWindowsNativeGl:false restricts context creation on this system. ()
* Exhausted GL driver options. (FEATURE_FAILURE_WEBGL_EXHAUSTED_DRIVERS)
JavaScript warning: https://assets.adobedtm.com/223f6e2cf7c9/3eb6c9b72a93/launch-7bc0cdc67098.min.js, line 10: WebGL warning: <Create>: WebglAllowWindowsNativeGl:false restricts context creation on this system.
JavaScript warning: https://assets.adobedtm.com/223f6e2cf7c9/3eb6c9b72a93/launch-7bc0cdc67098.min.js, line 10: Failed to create WebGL context: WebGL creation failed: 
* WebglAllowWindowsNativeGl:false restricts context creation on this system. ()
* Exhausted GL driver options. (FEATURE_FAILURE_WEBGL_EXHAUSTED_DRIVERS)
1675741156596	geckodriver	INFO	Listening on 127.0.0.1:54713
1675741156641	mozrunner::runner	INFO	Running command: "/usr/bin/firefox" "--marionette" "--headless" "--remote-debugging-port" "54714" "--remote-allow-hosts" "localhost" "-no-remote" "-profile" "/tmp/rust_mozprofile4ydYyd"
*** You are running in headless mode.
[GFX1-]: glxtest: cannot access /sys/bus/pci
[GFX1-]: glxtest: Unable to open a connection to the X server
[GFX1-]: No GPUs detected via PCI
1675741157111	Marionette	INFO	Marionette enabled
1675741157116	Marionette	INFO	Listening on port 54717
Read port: 54717
WebDriver BiDi listening on ws://127.0.0.1:54714
1675741157236	RemoteAgent	WARN	TLS certificate errors will be ignored for this session
[GFX1-]: RenderCompositorSWGL failed mapping default framebuffer, no dt
Exiting due to channel error.
console.warn: SearchSettings: "get: No settings file exists, new profile?" (new NotFoundError("Could not open the file at /tmp/rust_mozprofile4ydYyd/search.json.mozlz4", (void 0)))
DevTools listening on ws://127.0.0.1:54714/devtools/browser/1fdf1dce-625b-4f3e-a257-be49de6582cb
JavaScript warning: https://assets.adobedtm.com/223f6e2cf7c9/3eb6c9b72a93/launch-7bc0cdc67098.min.js, line 10: WebGL warning: <Create>: WebglAllowWindowsNativeGl:false restricts context creation on this system.
JavaScript warning: https://assets.adobedtm.com/223f6e2cf7c9/3eb6c9b72a93/launch-7bc0cdc67098.min.js, line 10: Failed to create WebGL context: WebGL creation failed: 
* WebglAllowWindowsNativeGl:false restricts context creation on this system. ()
* Exhausted GL driver options. (FEATURE_FAILURE_WEBGL_EXHAUSTED_DRIVERS)
JavaScript warning: https://assets.adobedtm.com/223f6e2cf7c9/3eb6c9b72a93/launch-7bc0cdc67098.min.js, line 10: WebGL warning: <Create>: WebglAllowWindowsNativeGl:false restricts context creation on this system.
JavaScript warning: https://assets.adobedtm.com/223f6e2cf7c9/3eb6c9b72a93/launch-7bc0cdc67098.min.js, line 10: Failed to create WebGL context: WebGL creation failed: 
* WebglAllowWindowsNativeGl:false restricts context creation on this system. ()
* Exhausted GL driver options. (FEATURE_FAILURE_WEBGL_EXHAUSTED_DRIVERS)
1675741180448	geckodriver	INFO	Listening on 127.0.0.1:54832
1675741180500	mozrunner::runner	INFO	Running command: "/usr/bin/firefox" "--marionette" "--headless" "--remote-debugging-port" "54833" "--remote-allow-hosts" "localhost" "-no-remote" "-profile" "/tmp/rust_mozprofileyD1xsS"
*** You are running in headless mode.
[GFX1-]: glxtest: cannot access /sys/bus/pci
[GFX1-]: glxtest: Unable to open a connection to the X server
[GFX1-]: No GPUs detected via PCI
1675741181009	Marionette	INFO	Marionette enabled
1675741181017	Marionette	INFO	Listening on port 54836
WebDriver BiDi listening on ws://127.0.0.1:54833
Read port: 54836
1675741181259	RemoteAgent	WARN	TLS certificate errors will be ignored for this session
[GFX1-]: RenderCompositorSWGL failed mapping default framebuffer, no dt
Exiting due to channel error.
console.warn: SearchSettings: "get: No settings file exists, new profile?" (new NotFoundError("Could not open the file at /tmp/rust_mozprofileyD1xsS/search.json.mozlz4", (void 0)))
DevTools listening on ws://127.0.0.1:54833/devtools/browser/b3512e6c-2ce7-4b19-896a-e5d2dbc9c17f
JavaScript warning: https://assets.adobedtm.com/223f6e2cf7c9/3eb6c9b72a93/launch-7bc0cdc67098.min.js, line 10: WebGL warning: <Create>: WebglAllowWindowsNativeGl:false restricts context creation on this system.
JavaScript warning: https://assets.adobedtm.com/223f6e2cf7c9/3eb6c9b72a93/launch-7bc0cdc67098.min.js, line 10: Failed to create WebGL context: WebGL creation failed: 
* WebglAllowWindowsNativeGl:false restricts context creation on this system. ()
* Exhausted GL driver options. (FEATURE_FAILURE_WEBGL_EXHAUSTED_DRIVERS)
JavaScript warning: https://assets.adobedtm.com/223f6e2cf7c9/3eb6c9b72a93/launch-7bc0cdc67098.min.js, line 10: WebGL warning: <Create>: WebglAllowWindowsNativeGl:false restricts context creation on this system.
JavaScript warning: https://assets.adobedtm.com/223f6e2cf7c9/3eb6c9b72a93/launch-7bc0cdc67098.min.js, line 10: Failed to create WebGL context: WebGL creation failed: 
* WebglAllowWindowsNativeGl:false restricts context creation on this system. ()
* Exhausted GL driver options. (FEATURE_FAILURE_WEBGL_EXHAUSTED_DRIVERS)
1675741217990	geckodriver	INFO	Listening on 127.0.0.1:54996
1675741218017	mozrunner::runner	INFO	Running command: "/usr/bin/firefox" "--marionette" "--headless" "--remote-debugging-port" "54997" "--remote-allow-hosts" "localhost" "-no-remote" "-profile" "/tmp/rust_mozprofile43AOJw"
*** You are running in headless mode.
[GFX1-]: glxtest: cannot access /sys/bus/pci
[GFX1-]: glxtest: Unable to open a connection to the X server
[GFX1-]: No GPUs detected via PCI
1675741218478	Marionette	INFO	Marionette enabled
1675741218482	Marionette	INFO	Listening on port 55002
Read port: 55002
WebDriver BiDi listening on ws://127.0.0.1:54997
1675741218598	RemoteAgent	WARN	TLS certificate errors will be ignored for this session
[GFX1-]: RenderCompositorSWGL failed mapping default framebuffer, no dt
Exiting due to channel error.
console.warn: SearchSettings: "get: No settings file exists, new profile?" (new NotFoundError("Could not open the file at /tmp/rust_mozprofile43AOJw/search.json.mozlz4", (void 0)))
DevTools listening on ws://127.0.0.1:54997/devtools/browser/d429b238-fd37-4086-9b86-1e18c414dac7
JavaScript warning: https://assets.adobedtm.com/223f6e2cf7c9/3eb6c9b72a93/launch-7bc0cdc67098.min.js, line 10: WebGL warning: <Create>: WebglAllowWindowsNativeGl:false restricts context creation on this system.
JavaScript warning: https://assets.adobedtm.com/223f6e2cf7c9/3eb6c9b72a93/launch-7bc0cdc67098.min.js, line 10: Failed to create WebGL context: WebGL creation failed: 
* WebglAllowWindowsNativeGl:false restricts context creation on this system. ()
* Exhausted GL driver options. (FEATURE_FAILURE_WEBGL_EXHAUSTED_DRIVERS)
JavaScript warning: https://assets.adobedtm.com/223f6e2cf7c9/3eb6c9b72a93/launch-7bc0cdc67098.min.js, line 10: WebGL warning: <Create>: WebglAllowWindowsNativeGl:false restricts context creation on this system.
JavaScript warning: https://assets.adobedtm.com/223f6e2cf7c9/3eb6c9b72a93/launch-7bc0cdc67098.min.js, line 10: Failed to create WebGL context: WebGL creation failed: 
* WebglAllowWindowsNativeGl:false restricts context creation on this system. ()
* Exhausted GL driver options. (FEATURE_FAILURE_WEBGL_EXHAUSTED_DRIVERS)
1675741335411	geckodriver	INFO	Listening on 127.0.0.1:55390
1675741335469	mozrunner::runner	INFO	Running command: "/usr/bin/firefox" "--marionette" "--headless" "--remote-debugging-port" "55391" "--remote-allow-hosts" "localhost" "-no-remote" "-profile" "/tmp/rust_mozprofileF8cpeA"
*** You are running in headless mode.
[GFX1-]: glxtest: cannot access /sys/bus/pci
[GFX1-]: glxtest: Unable to open a connection to the X server
[GFX1-]: No GPUs detected via PCI
1675741335962	Marionette	INFO	Marionette enabled
1675741335967	Marionette	INFO	Listening on port 55394
Read port: 55394
WebDriver BiDi listening on ws://127.0.0.1:55391
1675741336090	RemoteAgent	WARN	TLS certificate errors will be ignored for this session
[GFX1-]: RenderCompositorSWGL failed mapping default framebuffer, no dt
Exiting due to channel error.
console.warn: SearchSettings: "get: No settings file exists, new profile?" (new NotFoundError("Could not open the file at /tmp/rust_mozprofileF8cpeA/search.json.mozlz4", (void 0)))
DevTools listening on ws://127.0.0.1:55391/devtools/browser/fe37d28a-55db-42b6-bb76-2e14ed2a64dd
JavaScript warning: https://assets.adobedtm.com/223f6e2cf7c9/3eb6c9b72a93/launch-7bc0cdc67098.min.js, line 10: WebGL warning: <Create>: WebglAllowWindowsNativeGl:false restricts context creation on this system.
JavaScript warning: https://assets.adobedtm.com/223f6e2cf7c9/3eb6c9b72a93/launch-7bc0cdc67098.min.js, line 10: Failed to create WebGL context: WebGL creation failed: 
* WebglAllowWindowsNativeGl:false restricts context creation on this system. ()
* Exhausted GL driver options. (FEATURE_FAILURE_WEBGL_EXHAUSTED_DRIVERS)
JavaScript warning: https://assets.adobedtm.com/223f6e2cf7c9/3eb6c9b72a93/launch-7bc0cdc67098.min.js, line 10: WebGL warning: <Create>: WebglAllowWindowsNativeGl:false restricts context creation on this system.
JavaScript warning: https://assets.adobedtm.com/223f6e2cf7c9/3eb6c9b72a93/launch-7bc0cdc67098.min.js, line 10: Failed to create WebGL context: WebGL creation failed: 
* WebglAllowWindowsNativeGl:false restricts context creation on this system. ()
* Exhausted GL driver options. (FEATURE_FAILURE_WEBGL_EXHAUSTED_DRIVERS)
1675741361364	geckodriver	INFO	Listening on 127.0.0.1:55560
1675741361380	mozrunner::runner	INFO	Running command: "/usr/bin/firefox" "--marionette" "--headless" "--remote-debugging-port" "55561" "--remote-allow-hosts" "localhost" "-no-remote" "-profile" "/tmp/rust_mozprofileozvwz8"
*** You are running in headless mode.
[GFX1-]: glxtest: cannot access /sys/bus/pci
[GFX1-]: glxtest: Unable to open a connection to the X server
[GFX1-]: No GPUs detected via PCI
1675741361862	Marionette	INFO	Marionette enabled
1675741361867	Marionette	INFO	Listening on port 55575
Read port: 55575
WebDriver BiDi listening on ws://127.0.0.1:55561
1675741362002	RemoteAgent	WARN	TLS certificate errors will be ignored for this session
[GFX1-]: RenderCompositorSWGL failed mapping default framebuffer, no dt
Exiting due to channel error.
console.warn: SearchSettings: "get: No settings file exists, new profile?" (new NotFoundError("Could not open the file at /tmp/rust_mozprofileozvwz8/search.json.mozlz4", (void 0)))
DevTools listening on ws://127.0.0.1:55561/devtools/browser/d757a6c7-090d-47fb-9786-511726e8ac2e
JavaScript warning: https://assets.adobedtm.com/223f6e2cf7c9/3eb6c9b72a93/launch-7bc0cdc67098.min.js, line 10: WebGL warning: <Create>: WebglAllowWindowsNativeGl:false restricts context creation on this system.
JavaScript warning: https://assets.adobedtm.com/223f6e2cf7c9/3eb6c9b72a93/launch-7bc0cdc67098.min.js, line 10: Failed to create WebGL context: WebGL creation failed: 
* WebglAllowWindowsNativeGl:false restricts context creation on this system. ()
* Exhausted GL driver options. (FEATURE_FAILURE_WEBGL_EXHAUSTED_DRIVERS)
JavaScript warning: https://assets.adobedtm.com/223f6e2cf7c9/3eb6c9b72a93/launch-7bc0cdc67098.min.js, line 10: WebGL warning: <Create>: WebglAllowWindowsNativeGl:false restricts context creation on this system.
JavaScript warning: https://assets.adobedtm.com/223f6e2cf7c9/3eb6c9b72a93/launch-7bc0cdc67098.min.js, line 10: Failed to create WebGL context: WebGL creation failed: 
* WebglAllowWindowsNativeGl:false restricts context creation on this system. ()
* Exhausted GL driver options. (FEATURE_FAILURE_WEBGL_EXHAUSTED_DRIVERS)
1675741424959	geckodriver	INFO	Listening on 127.0.0.1:55839
1675741425004	mozrunner::runner	INFO	Running command: "/usr/bin/firefox" "--marionette" "--headless" "--remote-debugging-port" "55840" "--remote-allow-hosts" "localhost" "-no-remote" "-profile" "/tmp/rust_mozprofileW5FN4i"
*** You are running in headless mode.
[GFX1-]: glxtest: cannot access /sys/bus/pci
[GFX1-]: glxtest: Unable to open a connection to the X server
[GFX1-]: No GPUs detected via PCI
1675741425466	Marionette	INFO	Marionette enabled
1675741425470	Marionette	INFO	Listening on port 55843
Read port: 55843
WebDriver BiDi listening on ws://127.0.0.1:55840
1675741425576	RemoteAgent	WARN	TLS certificate errors will be ignored for this session
[GFX1-]: RenderCompositorSWGL failed mapping default framebuffer, no dt
Exiting due to channel error.
console.warn: SearchSettings: "get: No settings file exists, new profile?" (new NotFoundError("Could not open the file at /tmp/rust_mozprofileW5FN4i/search.json.mozlz4", (void 0)))
DevTools listening on ws://127.0.0.1:55840/devtools/browser/ba47a7fc-9883-4d7a-924f-de3da3ca9baa
JavaScript warning: https://assets.adobedtm.com/223f6e2cf7c9/3eb6c9b72a93/launch-7bc0cdc67098.min.js, line 10: WebGL warning: <Create>: WebglAllowWindowsNativeGl:false restricts context creation on this system.
JavaScript warning: https://assets.adobedtm.com/223f6e2cf7c9/3eb6c9b72a93/launch-7bc0cdc67098.min.js, line 10: Failed to create WebGL context: WebGL creation failed: 
* WebglAllowWindowsNativeGl:false restricts context creation on this system. ()
* Exhausted GL driver options. (FEATURE_FAILURE_WEBGL_EXHAUSTED_DRIVERS)
JavaScript warning: https://assets.adobedtm.com/223f6e2cf7c9/3eb6c9b72a93/launch-7bc0cdc67098.min.js, line 10: WebGL warning: <Create>: WebglAllowWindowsNativeGl:false restricts context creation on this system.
JavaScript warning: https://assets.adobedtm.com/223f6e2cf7c9/3eb6c9b72a93/launch-7bc0cdc67098.min.js, line 10: Failed to create WebGL context: WebGL creation failed: 
* WebglAllowWindowsNativeGl:false restricts context creation on this system. ()
* Exhausted GL driver options. (FEATURE_FAILURE_WEBGL_EXHAUSTED_DRIVERS)
1675741517843	geckodriver	INFO	Listening on 127.0.0.1:56256
1675741518367	mozrunner::runner	INFO	Running command: "/usr/bin/firefox" "--marionette" "--headless" "--remote-debugging-port" "56257" "--remote-allow-hosts" "localhost" "-no-remote" "-profile" "/tmp/rust_mozprofilegA8YkN"
*** You are running in headless mode.
[GFX1-]: glxtest: cannot access /sys/bus/pci
[GFX1-]: glxtest: Unable to open a connection to the X server
[GFX1-]: No GPUs detected via PCI
1675741518839	Marionette	INFO	Marionette enabled
1675741518843	Marionette	INFO	Listening on port 56264
Read port: 56264
WebDriver BiDi listening on ws://127.0.0.1:56257
1675741518953	RemoteAgent	WARN	TLS certificate errors will be ignored for this session
[GFX1-]: RenderCompositorSWGL failed mapping default framebuffer, no dt
Exiting due to channel error.
console.warn: SearchSettings: "get: No settings file exists, new profile?" (new NotFoundError("Could not open the file at /tmp/rust_mozprofilegA8YkN/search.json.mozlz4", (void 0)))
DevTools listening on ws://127.0.0.1:56257/devtools/browser/bafcc45a-dbbe-4b39-a772-15caa7ef1b97
JavaScript warning: https://assets.adobedtm.com/223f6e2cf7c9/3eb6c9b72a93/launch-7bc0cdc67098.min.js, line 10: WebGL warning: <Create>: WebglAllowWindowsNativeGl:false restricts context creation on this system.
JavaScript warning: https://assets.adobedtm.com/223f6e2cf7c9/3eb6c9b72a93/launch-7bc0cdc67098.min.js, line 10: Failed to create WebGL context: WebGL creation failed: 
* WebglAllowWindowsNativeGl:false restricts context creation on this system. ()
* Exhausted GL driver options. (FEATURE_FAILURE_WEBGL_EXHAUSTED_DRIVERS)
JavaScript warning: https://assets.adobedtm.com/223f6e2cf7c9/3eb6c9b72a93/launch-7bc0cdc67098.min.js, line 10: WebGL warning: <Create>: WebglAllowWindowsNativeGl:false restricts context creation on this system.
JavaScript warning: https://assets.adobedtm.com/223f6e2cf7c9/3eb6c9b72a93/launch-7bc0cdc67098.min.js, line 10: Failed to create WebGL context: WebGL creation failed: 
* WebglAllowWindowsNativeGl:false restricts context creation on this system. ()
* Exhausted GL driver options. (FEATURE_FAILURE_WEBGL_EXHAUSTED_DRIVERS)
1675741546641	geckodriver	INFO	Listening on 127.0.0.1:56368
1675741546679	mozrunner::runner	INFO	Running command: "/usr/bin/firefox" "--marionette" "--headless" "--remote-debugging-port" "56369" "--remote-allow-hosts" "localhost" "-no-remote" "-profile" "/tmp/rust_mozprofilepc9M1q"
*** You are running in headless mode.
[GFX1-]: glxtest: cannot access /sys/bus/pci
[GFX1-]: glxtest: Unable to open a connection to the X server
[GFX1-]: No GPUs detected via PCI
1675741547174	Marionette	INFO	Marionette enabled
1675741547179	Marionette	INFO	Listening on port 56373
Read port: 56373
WebDriver BiDi listening on ws://127.0.0.1:56369
1675741547306	RemoteAgent	WARN	TLS certificate errors will be ignored for this session
[GFX1-]: RenderCompositorSWGL failed mapping default framebuffer, no dt
Exiting due to channel error.
console.warn: SearchSettings: "get: No settings file exists, new profile?" (new NotFoundError("Could not open the file at /tmp/rust_mozprofilepc9M1q/search.json.mozlz4", (void 0)))
DevTools listening on ws://127.0.0.1:56369/devtools/browser/32596cb3-1e52-4e6f-b167-6deab6dcab55
JavaScript warning: https://assets.adobedtm.com/223f6e2cf7c9/3eb6c9b72a93/launch-7bc0cdc67098.min.js, line 10: WebGL warning: <Create>: WebglAllowWindowsNativeGl:false restricts context creation on this system.
JavaScript warning: https://assets.adobedtm.com/223f6e2cf7c9/3eb6c9b72a93/launch-7bc0cdc67098.min.js, line 10: Failed to create WebGL context: WebGL creation failed: 
* WebglAllowWindowsNativeGl:false restricts context creation on this system. ()
* Exhausted GL driver options. (FEATURE_FAILURE_WEBGL_EXHAUSTED_DRIVERS)
JavaScript warning: https://assets.adobedtm.com/223f6e2cf7c9/3eb6c9b72a93/launch-7bc0cdc67098.min.js, line 10: WebGL warning: <Create>: WebglAllowWindowsNativeGl:false restricts context creation on this system.
JavaScript warning: https://assets.adobedtm.com/223f6e2cf7c9/3eb6c9b72a93/launch-7bc0cdc67098.min.js, line 10: Failed to create WebGL context: WebGL creation failed: 
* WebglAllowWindowsNativeGl:false restricts context creation on this system. ()
* Exhausted GL driver options. (FEATURE_FAILURE_WEBGL_EXHAUSTED_DRIVERS)
1675741680352	geckodriver	INFO	Listening on 127.0.0.1:57525
1675741680871	mozrunner::runner	INFO	Running command: "/usr/bin/firefox" "--marionette" "--headless" "--remote-debugging-port" "57526" "--remote-allow-hosts" "localhost" "-no-remote" "-profile" "/tmp/rust_mozprofile7HYAX3"
*** You are running in headless mode.
[GFX1-]: glxtest: cannot access /sys/bus/pci
[GFX1-]: glxtest: Unable to open a connection to the X server
[GFX1-]: No GPUs detected via PCI
1675741681376	Marionette	INFO	Marionette enabled
1675741681380	Marionette	INFO	Listening on port 57533
WebDriver BiDi listening on ws://127.0.0.1:57526
Read port: 57533
1675741681724	RemoteAgent	WARN	TLS certificate errors will be ignored for this session
[GFX1-]: RenderCompositorSWGL failed mapping default framebuffer, no dt
Exiting due to channel error.
console.warn: SearchSettings: "get: No settings file exists, new profile?" (new NotFoundError("Could not open the file at /tmp/rust_mozprofile7HYAX3/search.json.mozlz4", (void 0)))
DevTools listening on ws://127.0.0.1:57526/devtools/browser/ea82d300-07d5-4325-95d0-d3a46b05e5ee
JavaScript warning: https://assets.adobedtm.com/223f6e2cf7c9/3eb6c9b72a93/launch-7bc0cdc67098.min.js, line 10: WebGL warning: <Create>: WebglAllowWindowsNativeGl:false restricts context creation on this system.
JavaScript warning: https://assets.adobedtm.com/223f6e2cf7c9/3eb6c9b72a93/launch-7bc0cdc67098.min.js, line 10: Failed to create WebGL context: WebGL creation failed: 
* WebglAllowWindowsNativeGl:false restricts context creation on this system. ()
* Exhausted GL driver options. (FEATURE_FAILURE_WEBGL_EXHAUSTED_DRIVERS)
JavaScript warning: https://assets.adobedtm.com/223f6e2cf7c9/3eb6c9b72a93/launch-7bc0cdc67098.min.js, line 10: WebGL warning: <Create>: WebglAllowWindowsNativeGl:false restricts context creation on this system.
JavaScript warning: https://assets.adobedtm.com/223f6e2cf7c9/3eb6c9b72a93/launch-7bc0cdc67098.min.js, line 10: Failed to create WebGL context: WebGL creation failed: 
* WebglAllowWindowsNativeGl:false restricts context creation on this system. ()
* Exhausted GL driver options. (FEATURE_FAILURE_WEBGL_EXHAUSTED_DRIVERS)
1675741730164	geckodriver	INFO	Listening on 127.0.0.1:58168
1675741730713	mozrunner::runner	INFO	Running command: "/usr/bin/firefox" "--marionette" "--headless" "--remote-debugging-port" "58169" "--remote-allow-hosts" "localhost" "-no-remote" "-profile" "/tmp/rust_mozprofileMELAgo"
*** You are running in headless mode.
[GFX1-]: glxtest: cannot access /sys/bus/pci
[GFX1-]: glxtest: Unable to open a connection to the X server
[GFX1-]: No GPUs detected via PCI
1675741731413	Marionette	INFO	Marionette enabled
1675741731417	Marionette	INFO	Listening on port 58175
Read port: 58175
WebDriver BiDi listening on ws://127.0.0.1:58169
1675741731531	RemoteAgent	WARN	TLS certificate errors will be ignored for this session
[GFX1-]: RenderCompositorSWGL failed mapping default framebuffer, no dt
Exiting due to channel error.
console.warn: SearchSettings: "get: No settings file exists, new profile?" (new NotFoundError("Could not open the file at /tmp/rust_mozprofileMELAgo/search.json.mozlz4", (void 0)))
DevTools listening on ws://127.0.0.1:58169/devtools/browser/3b74d4ea-e88f-48b3-b9fd-b03d0c6df0a3
JavaScript warning: https://assets.adobedtm.com/223f6e2cf7c9/3eb6c9b72a93/launch-7bc0cdc67098.min.js, line 10: WebGL warning: <Create>: WebglAllowWindowsNativeGl:false restricts context creation on this system.
JavaScript warning: https://assets.adobedtm.com/223f6e2cf7c9/3eb6c9b72a93/launch-7bc0cdc67098.min.js, line 10: Failed to create WebGL context: WebGL creation failed: 
* WebglAllowWindowsNativeGl:false restricts context creation on this system. ()
* Exhausted GL driver options. (FEATURE_FAILURE_WEBGL_EXHAUSTED_DRIVERS)
JavaScript warning: https://assets.adobedtm.com/223f6e2cf7c9/3eb6c9b72a93/launch-7bc0cdc67098.min.js, line 10: WebGL warning: <Create>: WebglAllowWindowsNativeGl:false restricts context creation on this system.
JavaScript warning: https://assets.adobedtm.com/223f6e2cf7c9/3eb6c9b72a93/launch-7bc0cdc67098.min.js, line 10: Failed to create WebGL context: WebGL creation failed: 
* WebglAllowWindowsNativeGl:false restricts context creation on this system. ()
* Exhausted GL driver options. (FEATURE_FAILURE_WEBGL_EXHAUSTED_DRIVERS)
1675741764962	geckodriver	INFO	Listening on 127.0.0.1:58342
1675741765498	mozrunner::runner	INFO	Running command: "/usr/bin/firefox" "--marionette" "--headless" "--remote-debugging-port" "58343" "--remote-allow-hosts" "localhost" "-no-remote" "-profile" "/tmp/rust_mozprofileTAQjZA"
*** You are running in headless mode.
[GFX1-]: glxtest: cannot access /sys/bus/pci
[GFX1-]: glxtest: Unable to open a connection to the X server
[GFX1-]: No GPUs detected via PCI
1675741766017	Marionette	INFO	Marionette enabled
1675741766021	Marionette	INFO	Listening on port 58348
Read port: 58348
WebDriver BiDi listening on ws://127.0.0.1:58343
1675741766188	RemoteAgent	WARN	TLS certificate errors will be ignored for this session
[GFX1-]: RenderCompositorSWGL failed mapping default framebuffer, no dt
Exiting due to channel error.
console.warn: SearchSettings: "get: No settings file exists, new profile?" (new NotFoundError("Could not open the file at /tmp/rust_mozprofileTAQjZA/search.json.mozlz4", (void 0)))
DevTools listening on ws://127.0.0.1:58343/devtools/browser/3739382c-4841-4c19-a4fe-16fce92711cd
JavaScript warning: https://assets.adobedtm.com/223f6e2cf7c9/3eb6c9b72a93/launch-7bc0cdc67098.min.js, line 10: WebGL warning: <Create>: WebglAllowWindowsNativeGl:false restricts context creation on this system.
JavaScript warning: https://assets.adobedtm.com/223f6e2cf7c9/3eb6c9b72a93/launch-7bc0cdc67098.min.js, line 10: Failed to create WebGL context: WebGL creation failed: 
* WebglAllowWindowsNativeGl:false restricts context creation on this system. ()
* Exhausted GL driver options. (FEATURE_FAILURE_WEBGL_EXHAUSTED_DRIVERS)
JavaScript warning: https://assets.adobedtm.com/223f6e2cf7c9/3eb6c9b72a93/launch-7bc0cdc67098.min.js, line 10: WebGL warning: <Create>: WebglAllowWindowsNativeGl:false restricts context creation on this system.
JavaScript warning: https://assets.adobedtm.com/223f6e2cf7c9/3eb6c9b72a93/launch-7bc0cdc67098.min.js, line 10: Failed to create WebGL context: WebGL creation failed: 
* WebglAllowWindowsNativeGl:false restricts context creation on this system. ()
* Exhausted GL driver options. (FEATURE_FAILURE_WEBGL_EXHAUSTED_DRIVERS)
1675741801427	geckodriver	INFO	Listening on 127.0.0.1:58518
1675741801936	mozrunner::runner	INFO	Running command: "/usr/bin/firefox" "--marionette" "--headless" "--remote-debugging-port" "58519" "--remote-allow-hosts" "localhost" "-no-remote" "-profile" "/tmp/rust_mozprofile9y36r3"
*** You are running in headless mode.
[GFX1-]: glxtest: cannot access /sys/bus/pci
[GFX1-]: glxtest: Unable to open a connection to the X server
[GFX1-]: No GPUs detected via PCI
1675741802554	Marionette	INFO	Marionette enabled
1675741802559	Marionette	INFO	Listening on port 58525
WebDriver BiDi listening on ws://127.0.0.1:58519
Read port: 58525
1675741802806	RemoteAgent	WARN	TLS certificate errors will be ignored for this session
[GFX1-]: RenderCompositorSWGL failed mapping default framebuffer, no dt
Exiting due to channel error.
console.warn: SearchSettings: "get: No settings file exists, new profile?" (new NotFoundError("Could not open the file at /tmp/rust_mozprofile9y36r3/search.json.mozlz4", (void 0)))
DevTools listening on ws://127.0.0.1:58519/devtools/browser/59655149-4de5-42f6-bd0d-2a69811804b5
JavaScript warning: https://assets.adobedtm.com/223f6e2cf7c9/3eb6c9b72a93/launch-7bc0cdc67098.min.js, line 10: WebGL warning: <Create>: WebglAllowWindowsNativeGl:false restricts context creation on this system.
JavaScript warning: https://assets.adobedtm.com/223f6e2cf7c9/3eb6c9b72a93/launch-7bc0cdc67098.min.js, line 10: Failed to create WebGL context: WebGL creation failed: 
* WebglAllowWindowsNativeGl:false restricts context creation on this system. ()
* Exhausted GL driver options. (FEATURE_FAILURE_WEBGL_EXHAUSTED_DRIVERS)
JavaScript warning: https://assets.adobedtm.com/223f6e2cf7c9/3eb6c9b72a93/launch-7bc0cdc67098.min.js, line 10: WebGL warning: <Create>: WebglAllowWindowsNativeGl:false restricts context creation on this system.
JavaScript warning: https://assets.adobedtm.com/223f6e2cf7c9/3eb6c9b72a93/launch-7bc0cdc67098.min.js, line 10: Failed to create WebGL context: WebGL creation failed: 
* WebglAllowWindowsNativeGl:false restricts context creation on this system. ()
* Exhausted GL driver options. (FEATURE_FAILURE_WEBGL_EXHAUSTED_DRIVERS)
1675741979117	geckodriver	INFO	Listening on 127.0.0.1:59178
1675741979662	mozrunner::runner	INFO	Running command: "/usr/bin/firefox" "--marionette" "--headless" "--remote-debugging-port" "59179" "--remote-allow-hosts" "localhost" "-no-remote" "-profile" "/tmp/rust_mozprofileFl2uGr"
*** You are running in headless mode.
[GFX1-]: glxtest: cannot access /sys/bus/pci
[GFX1-]: glxtest: Unable to open a connection to the X server
[GFX1-]: No GPUs detected via PCI
1675741980211	Marionette	INFO	Marionette enabled
1675741980215	Marionette	INFO	Listening on port 59185
Read port: 59185
WebDriver BiDi listening on ws://127.0.0.1:59179
1675741980357	RemoteAgent	WARN	TLS certificate errors will be ignored for this session
[GFX1-]: RenderCompositorSWGL failed mapping default framebuffer, no dt
Exiting due to channel error.
console.warn: SearchSettings: "get: No settings file exists, new profile?" (new NotFoundError("Could not open the file at /tmp/rust_mozprofileFl2uGr/search.json.mozlz4", (void 0)))
DevTools listening on ws://127.0.0.1:59179/devtools/browser/23d03a4e-4fd4-4535-bcd6-dbe0fef924dc
JavaScript warning: https://assets.adobedtm.com/223f6e2cf7c9/3eb6c9b72a93/launch-7bc0cdc67098.min.js, line 10: WebGL warning: <Create>: WebglAllowWindowsNativeGl:false restricts context creation on this system.
JavaScript warning: https://assets.adobedtm.com/223f6e2cf7c9/3eb6c9b72a93/launch-7bc0cdc67098.min.js, line 10: Failed to create WebGL context: WebGL creation failed: 
* WebglAllowWindowsNativeGl:false restricts context creation on this system. ()
* Exhausted GL driver options. (FEATURE_FAILURE_WEBGL_EXHAUSTED_DRIVERS)
JavaScript warning: https://assets.adobedtm.com/223f6e2cf7c9/3eb6c9b72a93/launch-7bc0cdc67098.min.js, line 10: WebGL warning: <Create>: WebglAllowWindowsNativeGl:false restricts context creation on this system.
JavaScript warning: https://assets.adobedtm.com/223f6e2cf7c9/3eb6c9b72a93/launch-7bc0cdc67098.min.js, line 10: Failed to create WebGL context: WebGL creation failed: 
* WebglAllowWindowsNativeGl:false restricts context creation on this system. ()
* Exhausted GL driver options. (FEATURE_FAILURE_WEBGL_EXHAUSTED_DRIVERS)
1675742013511	geckodriver	INFO	Listening on 127.0.0.1:59326
1675742013566	mozrunner::runner	INFO	Running command: "/usr/bin/firefox" "--marionette" "--headless" "--remote-debugging-port" "59327" "--remote-allow-hosts" "localhost" "-no-remote" "-profile" "/tmp/rust_mozprofileO1OlVS"
*** You are running in headless mode.
[GFX1-]: glxtest: cannot access /sys/bus/pci
[GFX1-]: glxtest: Unable to open a connection to the X server
[GFX1-]: No GPUs detected via PCI
1675742014058	Marionette	INFO	Marionette enabled
1675742014062	Marionette	INFO	Listening on port 59330
Read port: 59330
WebDriver BiDi listening on ws://127.0.0.1:59327
1675742014186	RemoteAgent	WARN	TLS certificate errors will be ignored for this session
[GFX1-]: RenderCompositorSWGL failed mapping default framebuffer, no dt
Exiting due to channel error.
console.warn: SearchSettings: "get: No settings file exists, new profile?" (new NotFoundError("Could not open the file at /tmp/rust_mozprofileO1OlVS/search.json.mozlz4", (void 0)))
DevTools listening on ws://127.0.0.1:59327/devtools/browser/d1a007e5-e523-4f6e-836f-05e58c568405
JavaScript warning: https://assets.adobedtm.com/223f6e2cf7c9/3eb6c9b72a93/launch-7bc0cdc67098.min.js, line 10: WebGL warning: <Create>: WebglAllowWindowsNativeGl:false restricts context creation on this system.
JavaScript warning: https://assets.adobedtm.com/223f6e2cf7c9/3eb6c9b72a93/launch-7bc0cdc67098.min.js, line 10: Failed to create WebGL context: WebGL creation failed: 
* WebglAllowWindowsNativeGl:false restricts context creation on this system. ()
* Exhausted GL driver options. (FEATURE_FAILURE_WEBGL_EXHAUSTED_DRIVERS)
JavaScript warning: https://assets.adobedtm.com/223f6e2cf7c9/3eb6c9b72a93/launch-7bc0cdc67098.min.js, line 10: WebGL warning: <Create>: WebglAllowWindowsNativeGl:false restricts context creation on this system.
JavaScript warning: https://assets.adobedtm.com/223f6e2cf7c9/3eb6c9b72a93/launch-7bc0cdc67098.min.js, line 10: Failed to create WebGL context: WebGL creation failed: 
* WebglAllowWindowsNativeGl:false restricts context creation on this system. ()
* Exhausted GL driver options. (FEATURE_FAILURE_WEBGL_EXHAUSTED_DRIVERS)
1675742236988	geckodriver	INFO	Listening on 127.0.0.1:60190
1675742237537	mozrunner::runner	INFO	Running command: "/usr/bin/firefox" "--marionette" "--headless" "--remote-debugging-port" "60191" "--remote-allow-hosts" "localhost" "-no-remote" "-profile" "/tmp/rust_mozprofilePd1TiN"
*** You are running in headless mode.
[GFX1-]: glxtest: cannot access /sys/bus/pci
[GFX1-]: glxtest: Unable to open a connection to the X server
[GFX1-]: No GPUs detected via PCI
1675742238057	Marionette	INFO	Marionette enabled
1675742238061	Marionette	INFO	Listening on port 60196
WebDriver BiDi listening on ws://127.0.0.1:60191
Read port: 60196
1675742238297	RemoteAgent	WARN	TLS certificate errors will be ignored for this session
[GFX1-]: RenderCompositorSWGL failed mapping default framebuffer, no dt
Exiting due to channel error.
console.warn: SearchSettings: "get: No settings file exists, new profile?" (new NotFoundError("Could not open the file at /tmp/rust_mozprofilePd1TiN/search.json.mozlz4", (void 0)))
DevTools listening on ws://127.0.0.1:60191/devtools/browser/c204dcb3-626b-4a51-94af-fc504ccf7c3e
JavaScript warning: https://assets.adobedtm.com/223f6e2cf7c9/3eb6c9b72a93/launch-7bc0cdc67098.min.js, line 10: WebGL warning: <Create>: WebglAllowWindowsNativeGl:false restricts context creation on this system.
JavaScript warning: https://assets.adobedtm.com/223f6e2cf7c9/3eb6c9b72a93/launch-7bc0cdc67098.min.js, line 10: Failed to create WebGL context: WebGL creation failed: 
* WebglAllowWindowsNativeGl:false restricts context creation on this system. ()
* Exhausted GL driver options. (FEATURE_FAILURE_WEBGL_EXHAUSTED_DRIVERS)
JavaScript warning: https://assets.adobedtm.com/223f6e2cf7c9/3eb6c9b72a93/launch-7bc0cdc67098.min.js, line 10: WebGL warning: <Create>: WebglAllowWindowsNativeGl:false restricts context creation on this system.
JavaScript warning: https://assets.adobedtm.com/223f6e2cf7c9/3eb6c9b72a93/launch-7bc0cdc67098.min.js, line 10: Failed to create WebGL context: WebGL creation failed: 
* WebglAllowWindowsNativeGl:false restricts context creation on this system. ()
* Exhausted GL driver options. (FEATURE_FAILURE_WEBGL_EXHAUSTED_DRIVERS)
1675742466740	geckodriver	INFO	Listening on 127.0.0.1:60843
1675742466810	mozrunner::runner	INFO	Running command: "/usr/bin/firefox" "--marionette" "--headless" "--remote-debugging-port" "60844" "--remote-allow-hosts" "localhost" "-no-remote" "-profile" "/tmp/rust_mozprofileU0jIUu"
*** You are running in headless mode.
[GFX1-]: glxtest: cannot access /sys/bus/pci
[GFX1-]: glxtest: Unable to open a connection to the X server
[GFX1-]: No GPUs detected via PCI
1675742467932	Marionette	INFO	Marionette enabled
1675742467936	Marionette	INFO	Listening on port 60848
WebDriver BiDi listening on ws://127.0.0.1:60844
Read port: 60848
1675742468183	RemoteAgent	WARN	TLS certificate errors will be ignored for this session
[GFX1-]: RenderCompositorSWGL failed mapping default framebuffer, no dt
Exiting due to channel error.
console.warn: SearchSettings: "get: No settings file exists, new profile?" (new NotFoundError("Could not open the file at /tmp/rust_mozprofileU0jIUu/search.json.mozlz4", (void 0)))
DevTools listening on ws://127.0.0.1:60844/devtools/browser/39535ebe-32d2-4d74-b316-0b40ff772c1c
JavaScript warning: https://assets.adobedtm.com/223f6e2cf7c9/3eb6c9b72a93/launch-7bc0cdc67098.min.js, line 10: WebGL warning: <Create>: WebglAllowWindowsNativeGl:false restricts context creation on this system.
JavaScript warning: https://assets.adobedtm.com/223f6e2cf7c9/3eb6c9b72a93/launch-7bc0cdc67098.min.js, line 10: Failed to create WebGL context: WebGL creation failed: 
* WebglAllowWindowsNativeGl:false restricts context creation on this system. ()
* Exhausted GL driver options. (FEATURE_FAILURE_WEBGL_EXHAUSTED_DRIVERS)
JavaScript warning: https://assets.adobedtm.com/223f6e2cf7c9/3eb6c9b72a93/launch-7bc0cdc67098.min.js, line 10: WebGL warning: <Create>: WebglAllowWindowsNativeGl:false restricts context creation on this system.
JavaScript warning: https://assets.adobedtm.com/223f6e2cf7c9/3eb6c9b72a93/launch-7bc0cdc67098.min.js, line 10: Failed to create WebGL context: WebGL creation failed: 
* WebglAllowWindowsNativeGl:false restricts context creation on this system. ()
* Exhausted GL driver options. (FEATURE_FAILURE_WEBGL_EXHAUSTED_DRIVERS)
1675742478906	geckodriver	INFO	Listening on 127.0.0.1:60939
1675742479438	mozrunner::runner	INFO	Running command: "/usr/bin/firefox" "--marionette" "--headless" "--remote-debugging-port" "60940" "--remote-allow-hosts" "localhost" "-no-remote" "-profile" "/tmp/rust_mozprofileBokrQo"
*** You are running in headless mode.
[GFX1-]: glxtest: cannot access /sys/bus/pci
[GFX1-]: glxtest: Unable to open a connection to the X server
[GFX1-]: No GPUs detected via PCI
1675742479964	Marionette	INFO	Marionette enabled
1675742479968	Marionette	INFO	Listening on port 60948
WebDriver BiDi listening on ws://127.0.0.1:60940
Read port: 60948
1675742480210	RemoteAgent	WARN	TLS certificate errors will be ignored for this session
[GFX1-]: RenderCompositorSWGL failed mapping default framebuffer, no dt
Exiting due to channel error.
console.warn: SearchSettings: "get: No settings file exists, new profile?" (new NotFoundError("Could not open the file at /tmp/rust_mozprofileBokrQo/search.json.mozlz4", (void 0)))
DevTools listening on ws://127.0.0.1:60940/devtools/browser/a3f41ac3-0534-4b8b-a420-77a2de8dd2ef
JavaScript warning: https://assets.adobedtm.com/223f6e2cf7c9/3eb6c9b72a93/launch-7bc0cdc67098.min.js, line 10: WebGL warning: <Create>: WebglAllowWindowsNativeGl:false restricts context creation on this system.
JavaScript warning: https://assets.adobedtm.com/223f6e2cf7c9/3eb6c9b72a93/launch-7bc0cdc67098.min.js, line 10: Failed to create WebGL context: WebGL creation failed: 
* WebglAllowWindowsNativeGl:false restricts context creation on this system. ()
* Exhausted GL driver options. (FEATURE_FAILURE_WEBGL_EXHAUSTED_DRIVERS)
JavaScript warning: https://assets.adobedtm.com/223f6e2cf7c9/3eb6c9b72a93/launch-7bc0cdc67098.min.js, line 10: WebGL warning: <Create>: WebglAllowWindowsNativeGl:false restricts context creation on this system.
JavaScript warning: https://assets.adobedtm.com/223f6e2cf7c9/3eb6c9b72a93/launch-7bc0cdc67098.min.js, line 10: Failed to create WebGL context: WebGL creation failed: 
* WebglAllowWindowsNativeGl:false restricts context creation on this system. ()
* Exhausted GL driver options. (FEATURE_FAILURE_WEBGL_EXHAUSTED_DRIVERS)
1675742489669	geckodriver	INFO	Listening on 127.0.0.1:61038
1675742490199	mozrunner::runner	INFO	Running command: "/usr/bin/firefox" "--marionette" "--headless" "--remote-debugging-port" "61039" "--remote-allow-hosts" "localhost" "-no-remote" "-profile" "/tmp/rust_mozprofileoM9P1p"
*** You are running in headless mode.
[GFX1-]: glxtest: cannot access /sys/bus/pci
[GFX1-]: glxtest: Unable to open a connection to the X server
[GFX1-]: No GPUs detected via PCI
1675742490715	Marionette	INFO	Marionette enabled
1675742490721	Marionette	INFO	Listening on port 61050
Read port: 61050
WebDriver BiDi listening on ws://127.0.0.1:61039
1675742490981	RemoteAgent	WARN	TLS certificate errors will be ignored for this session
[GFX1-]: RenderCompositorSWGL failed mapping default framebuffer, no dt
Exiting due to channel error.
console.warn: SearchSettings: "get: No settings file exists, new profile?" (new NotFoundError("Could not open the file at /tmp/rust_mozprofileoM9P1p/search.json.mozlz4", (void 0)))
DevTools listening on ws://127.0.0.1:61039/devtools/browser/bb526496-cd4a-4b66-9c8d-9560fced8ad3
JavaScript warning: https://assets.adobedtm.com/223f6e2cf7c9/3eb6c9b72a93/launch-7bc0cdc67098.min.js, line 10: WebGL warning: <Create>: WebglAllowWindowsNativeGl:false restricts context creation on this system.
JavaScript warning: https://assets.adobedtm.com/223f6e2cf7c9/3eb6c9b72a93/launch-7bc0cdc67098.min.js, line 10: Failed to create WebGL context: WebGL creation failed: 
* WebglAllowWindowsNativeGl:false restricts context creation on this system. ()
* Exhausted GL driver options. (FEATURE_FAILURE_WEBGL_EXHAUSTED_DRIVERS)
JavaScript warning: https://assets.adobedtm.com/223f6e2cf7c9/3eb6c9b72a93/launch-7bc0cdc67098.min.js, line 10: WebGL warning: <Create>: WebglAllowWindowsNativeGl:false restricts context creation on this system.
JavaScript warning: https://assets.adobedtm.com/223f6e2cf7c9/3eb6c9b72a93/launch-7bc0cdc67098.min.js, line 10: Failed to create WebGL context: WebGL creation failed: 
* WebglAllowWindowsNativeGl:false restricts context creation on this system. ()
* Exhausted GL driver options. (FEATURE_FAILURE_WEBGL_EXHAUSTED_DRIVERS)
1675742501883	geckodriver	INFO	Listening on 127.0.0.1:61193
1675742502416	mozrunner::runner	INFO	Running command: "/usr/bin/firefox" "--marionette" "--headless" "--remote-debugging-port" "61194" "--remote-allow-hosts" "localhost" "-no-remote" "-profile" "/tmp/rust_mozprofilezAfg5V"
*** You are running in headless mode.
[GFX1-]: glxtest: cannot access /sys/bus/pci
[GFX1-]: glxtest: Unable to open a connection to the X server
[GFX1-]: No GPUs detected via PCI
1675742502968	Marionette	INFO	Marionette enabled
1675742502973	Marionette	INFO	Listening on port 61200
Read port: 61200
WebDriver BiDi listening on ws://127.0.0.1:61194
1675742503095	RemoteAgent	WARN	TLS certificate errors will be ignored for this session
[GFX1-]: RenderCompositorSWGL failed mapping default framebuffer, no dt
Exiting due to channel error.
console.warn: SearchSettings: "get: No settings file exists, new profile?" (new NotFoundError("Could not open the file at /tmp/rust_mozprofilezAfg5V/search.json.mozlz4", (void 0)))
DevTools listening on ws://127.0.0.1:61194/devtools/browser/46f4c04d-006b-4ae3-859d-360d46b2f919
JavaScript warning: https://assets.adobedtm.com/223f6e2cf7c9/3eb6c9b72a93/launch-7bc0cdc67098.min.js, line 10: WebGL warning: <Create>: WebglAllowWindowsNativeGl:false restricts context creation on this system.
JavaScript warning: https://assets.adobedtm.com/223f6e2cf7c9/3eb6c9b72a93/launch-7bc0cdc67098.min.js, line 10: Failed to create WebGL context: WebGL creation failed: 
* WebglAllowWindowsNativeGl:false restricts context creation on this system. ()
* Exhausted GL driver options. (FEATURE_FAILURE_WEBGL_EXHAUSTED_DRIVERS)
JavaScript warning: https://assets.adobedtm.com/223f6e2cf7c9/3eb6c9b72a93/launch-7bc0cdc67098.min.js, line 10: WebGL warning: <Create>: WebglAllowWindowsNativeGl:false restricts context creation on this system.
JavaScript warning: https://assets.adobedtm.com/223f6e2cf7c9/3eb6c9b72a93/launch-7bc0cdc67098.min.js, line 10: Failed to create WebGL context: WebGL creation failed: 
* WebglAllowWindowsNativeGl:false restricts context creation on this system. ()
* Exhausted GL driver options. (FEATURE_FAILURE_WEBGL_EXHAUSTED_DRIVERS)
1675742513365	geckodriver	INFO	Listening on 127.0.0.1:61288
1675742513904	mozrunner::runner	INFO	Running command: "/usr/bin/firefox" "--marionette" "--headless" "--remote-debugging-port" "61289" "--remote-allow-hosts" "localhost" "-no-remote" "-profile" "/tmp/rust_mozprofileH155fo"
*** You are running in headless mode.
[GFX1-]: glxtest: cannot access /sys/bus/pci
[GFX1-]: glxtest: Unable to open a connection to the X server
[GFX1-]: No GPUs detected via PCI
1675742514441	Marionette	INFO	Marionette enabled
1675742514445	Marionette	INFO	Listening on port 61294
Read port: 61294
WebDriver BiDi listening on ws://127.0.0.1:61289
1675742514591	RemoteAgent	WARN	TLS certificate errors will be ignored for this session
[GFX1-]: RenderCompositorSWGL failed mapping default framebuffer, no dt
Exiting due to channel error.
console.warn: SearchSettings: "get: No settings file exists, new profile?" (new NotFoundError("Could not open the file at /tmp/rust_mozprofileH155fo/search.json.mozlz4", (void 0)))
DevTools listening on ws://127.0.0.1:61289/devtools/browser/4708f126-64c5-4df2-8f54-7a35c341b612
JavaScript warning: https://assets.adobedtm.com/223f6e2cf7c9/3eb6c9b72a93/launch-7bc0cdc67098.min.js, line 10: WebGL warning: <Create>: WebglAllowWindowsNativeGl:false restricts context creation on this system.
JavaScript warning: https://assets.adobedtm.com/223f6e2cf7c9/3eb6c9b72a93/launch-7bc0cdc67098.min.js, line 10: Failed to create WebGL context: WebGL creation failed: 
* WebglAllowWindowsNativeGl:false restricts context creation on this system. ()
* Exhausted GL driver options. (FEATURE_FAILURE_WEBGL_EXHAUSTED_DRIVERS)
JavaScript warning: https://assets.adobedtm.com/223f6e2cf7c9/3eb6c9b72a93/launch-7bc0cdc67098.min.js, line 10: WebGL warning: <Create>: WebglAllowWindowsNativeGl:false restricts context creation on this system.
JavaScript warning: https://assets.adobedtm.com/223f6e2cf7c9/3eb6c9b72a93/launch-7bc0cdc67098.min.js, line 10: Failed to create WebGL context: WebGL creation failed: 
* WebglAllowWindowsNativeGl:false restricts context creation on this system. ()
* Exhausted GL driver options. (FEATURE_FAILURE_WEBGL_EXHAUSTED_DRIVERS)
1675742524542	geckodriver	INFO	Listening on 127.0.0.1:61383
1675742525075	mozrunner::runner	INFO	Running command: "/usr/bin/firefox" "--marionette" "--headless" "--remote-debugging-port" "61384" "--remote-allow-hosts" "localhost" "-no-remote" "-profile" "/tmp/rust_mozprofileiWiL7F"
*** You are running in headless mode.
[GFX1-]: glxtest: cannot access /sys/bus/pci
[GFX1-]: glxtest: Unable to open a connection to the X server
[GFX1-]: No GPUs detected via PCI
1675742525618	Marionette	INFO	Marionette enabled
1675742525622	Marionette	INFO	Listening on port 61388
Read port: 61388
WebDriver BiDi listening on ws://127.0.0.1:61384
1675742525782	RemoteAgent	WARN	TLS certificate errors will be ignored for this session
[GFX1-]: RenderCompositorSWGL failed mapping default framebuffer, no dt
Exiting due to channel error.
console.warn: SearchSettings: "get: No settings file exists, new profile?" (new NotFoundError("Could not open the file at /tmp/rust_mozprofileiWiL7F/search.json.mozlz4", (void 0)))
DevTools listening on ws://127.0.0.1:61384/devtools/browser/ddc3d55e-0a60-4d2e-a927-e36f9918aedb
JavaScript warning: https://assets.adobedtm.com/223f6e2cf7c9/3eb6c9b72a93/launch-7bc0cdc67098.min.js, line 10: WebGL warning: <Create>: WebglAllowWindowsNativeGl:false restricts context creation on this system.
JavaScript warning: https://assets.adobedtm.com/223f6e2cf7c9/3eb6c9b72a93/launch-7bc0cdc67098.min.js, line 10: Failed to create WebGL context: WebGL creation failed: 
* WebglAllowWindowsNativeGl:false restricts context creation on this system. ()
* Exhausted GL driver options. (FEATURE_FAILURE_WEBGL_EXHAUSTED_DRIVERS)
JavaScript warning: https://assets.adobedtm.com/223f6e2cf7c9/3eb6c9b72a93/launch-7bc0cdc67098.min.js, line 10: WebGL warning: <Create>: WebglAllowWindowsNativeGl:false restricts context creation on this system.
JavaScript warning: https://assets.adobedtm.com/223f6e2cf7c9/3eb6c9b72a93/launch-7bc0cdc67098.min.js, line 10: Failed to create WebGL context: WebGL creation failed: 
* WebglAllowWindowsNativeGl:false restricts context creation on this system. ()
* Exhausted GL driver options. (FEATURE_FAILURE_WEBGL_EXHAUSTED_DRIVERS)
1675742535412	geckodriver	INFO	Listening on 127.0.0.1:61505
1675742535944	mozrunner::runner	INFO	Running command: "/usr/bin/firefox" "--marionette" "--headless" "--remote-debugging-port" "61506" "--remote-allow-hosts" "localhost" "-no-remote" "-profile" "/tmp/rust_mozprofileI1oV15"
*** You are running in headless mode.
[GFX1-]: glxtest: cannot access /sys/bus/pci
[GFX1-]: glxtest: Unable to open a connection to the X server
[GFX1-]: No GPUs detected via PCI
1675742536561	Marionette	INFO	Marionette enabled
1675742536566	Marionette	INFO	Listening on port 61511
WebDriver BiDi listening on ws://127.0.0.1:61506
Read port: 61511
1675742536829	RemoteAgent	WARN	TLS certificate errors will be ignored for this session
[GFX1-]: RenderCompositorSWGL failed mapping default framebuffer, no dt
Exiting due to channel error.
console.warn: SearchSettings: "get: No settings file exists, new profile?" (new NotFoundError("Could not open the file at /tmp/rust_mozprofileI1oV15/search.json.mozlz4", (void 0)))
DevTools listening on ws://127.0.0.1:61506/devtools/browser/0d49da8a-8a92-4673-a691-304a69557246
JavaScript warning: https://assets.adobedtm.com/223f6e2cf7c9/3eb6c9b72a93/launch-7bc0cdc67098.min.js, line 10: WebGL warning: <Create>: WebglAllowWindowsNativeGl:false restricts context creation on this system.
JavaScript warning: https://assets.adobedtm.com/223f6e2cf7c9/3eb6c9b72a93/launch-7bc0cdc67098.min.js, line 10: Failed to create WebGL context: WebGL creation failed: 
* WebglAllowWindowsNativeGl:false restricts context creation on this system. ()
* Exhausted GL driver options. (FEATURE_FAILURE_WEBGL_EXHAUSTED_DRIVERS)
JavaScript warning: https://assets.adobedtm.com/223f6e2cf7c9/3eb6c9b72a93/launch-7bc0cdc67098.min.js, line 10: WebGL warning: <Create>: WebglAllowWindowsNativeGl:false restricts context creation on this system.
JavaScript warning: https://assets.adobedtm.com/223f6e2cf7c9/3eb6c9b72a93/launch-7bc0cdc67098.min.js, line 10: Failed to create WebGL context: WebGL creation failed: 
* WebglAllowWindowsNativeGl:false restricts context creation on this system. ()
* Exhausted GL driver options. (FEATURE_FAILURE_WEBGL_EXHAUSTED_DRIVERS)
1675742547460	geckodriver	INFO	Listening on 127.0.0.1:61613
1675742547991	mozrunner::runner	INFO	Running command: "/usr/bin/firefox" "--marionette" "--headless" "--remote-debugging-port" "61614" "--remote-allow-hosts" "localhost" "-no-remote" "-profile" "/tmp/rust_mozprofileZfnuJO"
*** You are running in headless mode.
[GFX1-]: glxtest: cannot access /sys/bus/pci
[GFX1-]: glxtest: Unable to open a connection to the X server
[GFX1-]: No GPUs detected via PCI
1675742548564	Marionette	INFO	Marionette enabled
1675742548569	Marionette	INFO	Listening on port 61619
Read port: 61619
WebDriver BiDi listening on ws://127.0.0.1:61614
1675742548687	RemoteAgent	WARN	TLS certificate errors will be ignored for this session
[GFX1-]: RenderCompositorSWGL failed mapping default framebuffer, no dt
Exiting due to channel error.
console.warn: SearchSettings: "get: No settings file exists, new profile?" (new NotFoundError("Could not open the file at /tmp/rust_mozprofileZfnuJO/search.json.mozlz4", (void 0)))
DevTools listening on ws://127.0.0.1:61614/devtools/browser/38902981-fb09-4ee5-bd18-e66e52f119d5
JavaScript warning: https://assets.adobedtm.com/223f6e2cf7c9/3eb6c9b72a93/launch-7bc0cdc67098.min.js, line 10: WebGL warning: <Create>: WebglAllowWindowsNativeGl:false restricts context creation on this system.
JavaScript warning: https://assets.adobedtm.com/223f6e2cf7c9/3eb6c9b72a93/launch-7bc0cdc67098.min.js, line 10: Failed to create WebGL context: WebGL creation failed: 
* WebglAllowWindowsNativeGl:false restricts context creation on this system. ()
* Exhausted GL driver options. (FEATURE_FAILURE_WEBGL_EXHAUSTED_DRIVERS)
JavaScript warning: https://assets.adobedtm.com/223f6e2cf7c9/3eb6c9b72a93/launch-7bc0cdc67098.min.js, line 10: WebGL warning: <Create>: WebglAllowWindowsNativeGl:false restricts context creation on this system.
JavaScript warning: https://assets.adobedtm.com/223f6e2cf7c9/3eb6c9b72a93/launch-7bc0cdc67098.min.js, line 10: Failed to create WebGL context: WebGL creation failed: 
* WebglAllowWindowsNativeGl:false restricts context creation on this system. ()
* Exhausted GL driver options. (FEATURE_FAILURE_WEBGL_EXHAUSTED_DRIVERS)
1675742559199	geckodriver	INFO	Listening on 127.0.0.1:61711
1675742559755	mozrunner::runner	INFO	Running command: "/usr/bin/firefox" "--marionette" "--headless" "--remote-debugging-port" "61712" "--remote-allow-hosts" "localhost" "-no-remote" "-profile" "/tmp/rust_mozprofileXgMNou"
*** You are running in headless mode.
[GFX1-]: glxtest: cannot access /sys/bus/pci
[GFX1-]: glxtest: Unable to open a connection to the X server
[GFX1-]: No GPUs detected via PCI
1675742560304	Marionette	INFO	Marionette enabled
1675742560308	Marionette	INFO	Listening on port 61717
Read port: 61717
WebDriver BiDi listening on ws://127.0.0.1:61712
1675742560467	RemoteAgent	WARN	TLS certificate errors will be ignored for this session
[GFX1-]: RenderCompositorSWGL failed mapping default framebuffer, no dt
Exiting due to channel error.
console.warn: SearchSettings: "get: No settings file exists, new profile?" (new NotFoundError("Could not open the file at /tmp/rust_mozprofileXgMNou/search.json.mozlz4", (void 0)))
DevTools listening on ws://127.0.0.1:61712/devtools/browser/3269a330-1072-459c-bddd-8f415d3a9f17
JavaScript warning: https://assets.adobedtm.com/223f6e2cf7c9/3eb6c9b72a93/launch-7bc0cdc67098.min.js, line 10: WebGL warning: <Create>: WebglAllowWindowsNativeGl:false restricts context creation on this system.
JavaScript warning: https://assets.adobedtm.com/223f6e2cf7c9/3eb6c9b72a93/launch-7bc0cdc67098.min.js, line 10: Failed to create WebGL context: WebGL creation failed: 
* WebglAllowWindowsNativeGl:false restricts context creation on this system. ()
* Exhausted GL driver options. (FEATURE_FAILURE_WEBGL_EXHAUSTED_DRIVERS)
JavaScript warning: https://assets.adobedtm.com/223f6e2cf7c9/3eb6c9b72a93/launch-7bc0cdc67098.min.js, line 10: WebGL warning: <Create>: WebglAllowWindowsNativeGl:false restricts context creation on this system.
JavaScript warning: https://assets.adobedtm.com/223f6e2cf7c9/3eb6c9b72a93/launch-7bc0cdc67098.min.js, line 10: Failed to create WebGL context: WebGL creation failed: 
* WebglAllowWindowsNativeGl:false restricts context creation on this system. ()
* Exhausted GL driver options. (FEATURE_FAILURE_WEBGL_EXHAUSTED_DRIVERS)
1675742572355	geckodriver	INFO	Listening on 127.0.0.1:61813
1675742572893	mozrunner::runner	INFO	Running command: "/usr/bin/firefox" "--marionette" "--headless" "--remote-debugging-port" "61814" "--remote-allow-hosts" "localhost" "-no-remote" "-profile" "/tmp/rust_mozprofilepwDND4"
*** You are running in headless mode.
[GFX1-]: glxtest: cannot access /sys/bus/pci
[GFX1-]: glxtest: Unable to open a connection to the X server
[GFX1-]: No GPUs detected via PCI
1675742573744	Marionette	INFO	Marionette enabled
1675742573757	Marionette	INFO	Listening on port 61833
Read port: 61833
WebDriver BiDi listening on ws://127.0.0.1:61814
1675742573951	RemoteAgent	WARN	TLS certificate errors will be ignored for this session
[GFX1-]: RenderCompositorSWGL failed mapping default framebuffer, no dt
Exiting due to channel error.
console.warn: SearchSettings: "get: No settings file exists, new profile?" (new NotFoundError("Could not open the file at /tmp/rust_mozprofilepwDND4/search.json.mozlz4", (void 0)))
DevTools listening on ws://127.0.0.1:61814/devtools/browser/45615c93-b6ee-4e93-a51f-5216db99b56f
JavaScript warning: https://assets.adobedtm.com/223f6e2cf7c9/3eb6c9b72a93/launch-7bc0cdc67098.min.js, line 10: WebGL warning: <Create>: WebglAllowWindowsNativeGl:false restricts context creation on this system.
JavaScript warning: https://assets.adobedtm.com/223f6e2cf7c9/3eb6c9b72a93/launch-7bc0cdc67098.min.js, line 10: Failed to create WebGL context: WebGL creation failed: 
* WebglAllowWindowsNativeGl:false restricts context creation on this system. ()
* Exhausted GL driver options. (FEATURE_FAILURE_WEBGL_EXHAUSTED_DRIVERS)
JavaScript warning: https://assets.adobedtm.com/223f6e2cf7c9/3eb6c9b72a93/launch-7bc0cdc67098.min.js, line 10: WebGL warning: <Create>: WebglAllowWindowsNativeGl:false restricts context creation on this system.
JavaScript warning: https://assets.adobedtm.com/223f6e2cf7c9/3eb6c9b72a93/launch-7bc0cdc67098.min.js, line 10: Failed to create WebGL context: WebGL creation failed: 
* WebglAllowWindowsNativeGl:false restricts context creation on this system. ()
* Exhausted GL driver options. (FEATURE_FAILURE_WEBGL_EXHAUSTED_DRIVERS)
1675742587077	geckodriver	INFO	Listening on 127.0.0.1:61997
1675742587611	mozrunner::runner	INFO	Running command: "/usr/bin/firefox" "--marionette" "--headless" "--remote-debugging-port" "61998" "--remote-allow-hosts" "localhost" "-no-remote" "-profile" "/tmp/rust_mozprofileYYO2zt"
*** You are running in headless mode.
[GFX1-]: glxtest: cannot access /sys/bus/pci
[GFX1-]: glxtest: Unable to open a connection to the X server
[GFX1-]: No GPUs detected via PCI
1675742588520	Marionette	INFO	Marionette enabled
1675742588526	Marionette	INFO	Listening on port 62004
WebDriver BiDi listening on ws://127.0.0.1:61998
Read port: 62004
1675742588819	RemoteAgent	WARN	TLS certificate errors will be ignored for this session
[GFX1-]: RenderCompositorSWGL failed mapping default framebuffer, no dt
Exiting due to channel error.
console.warn: SearchSettings: "get: No settings file exists, new profile?" (new NotFoundError("Could not open the file at /tmp/rust_mozprofileYYO2zt/search.json.mozlz4", (void 0)))
DevTools listening on ws://127.0.0.1:61998/devtools/browser/465c1dfe-d662-488d-a5e2-93206a93d4a6
JavaScript warning: https://assets.adobedtm.com/223f6e2cf7c9/3eb6c9b72a93/launch-7bc0cdc67098.min.js, line 10: WebGL warning: <Create>: WebglAllowWindowsNativeGl:false restricts context creation on this system.
JavaScript warning: https://assets.adobedtm.com/223f6e2cf7c9/3eb6c9b72a93/launch-7bc0cdc67098.min.js, line 10: Failed to create WebGL context: WebGL creation failed: 
* WebglAllowWindowsNativeGl:false restricts context creation on this system. ()
* Exhausted GL driver options. (FEATURE_FAILURE_WEBGL_EXHAUSTED_DRIVERS)
JavaScript warning: https://assets.adobedtm.com/223f6e2cf7c9/3eb6c9b72a93/launch-7bc0cdc67098.min.js, line 10: WebGL warning: <Create>: WebglAllowWindowsNativeGl:false restricts context creation on this system.
JavaScript warning: https://assets.adobedtm.com/223f6e2cf7c9/3eb6c9b72a93/launch-7bc0cdc67098.min.js, line 10: Failed to create WebGL context: WebGL creation failed: 
* WebglAllowWindowsNativeGl:false restricts context creation on this system. ()
* Exhausted GL driver options. (FEATURE_FAILURE_WEBGL_EXHAUSTED_DRIVERS)
